0 info it worked if it ends with ok
1 verbose cli [ '/usr/local/Cellar/node/4.2.1/bin/node',
1 verbose cli   '/usr/local/bin/npm',
1 verbose cli   'install',
1 verbose cli   '--save',
1 verbose cli   'bootstrap' ]
2 info using npm@2.14.7
3 info using node@v4.2.1
4 verbose install initial load of /Users/jacobsinger/Desktop/app_academy/beer_is_good/package.json
5 verbose installManyTop reading scoped package data from /Users/jacobsinger/Desktop/app_academy/beer_is_good/node_modules/babel-core/package.json
6 verbose installManyTop reading scoped package data from /Users/jacobsinger/Desktop/app_academy/beer_is_good/node_modules/babel-loader/package.json
7 verbose installManyTop reading scoped package data from /Users/jacobsinger/Desktop/app_academy/beer_is_good/node_modules/babel-preset-react/package.json
8 verbose installManyTop reading scoped package data from /Users/jacobsinger/Desktop/app_academy/beer_is_good/node_modules/bootstrap/package.json
9 verbose installManyTop reading scoped package data from /Users/jacobsinger/Desktop/app_academy/beer_is_good/node_modules/flux/package.json
10 verbose installManyTop reading scoped package data from /Users/jacobsinger/Desktop/app_academy/beer_is_good/node_modules/history/package.json
11 verbose installManyTop reading scoped package data from /Users/jacobsinger/Desktop/app_academy/beer_is_good/node_modules/react/package.json
12 verbose installManyTop reading scoped package data from /Users/jacobsinger/Desktop/app_academy/beer_is_good/node_modules/react-addons-linked-state-mixin/package.json
13 verbose installManyTop reading scoped package data from /Users/jacobsinger/Desktop/app_academy/beer_is_good/node_modules/react-dom/package.json
14 verbose installManyTop reading scoped package data from /Users/jacobsinger/Desktop/app_academy/beer_is_good/node_modules/react-router/package.json
15 verbose installManyTop reading scoped package data from /Users/jacobsinger/Desktop/app_academy/beer_is_good/node_modules/webpack/package.json
16 verbose readDependencies loading dependencies from /Users/jacobsinger/Desktop/app_academy/beer_is_good/package.json
17 verbose install bootstrap is installed as 3.3.6
18 silly cache add args [ 'bootstrap', null ]
19 verbose cache add spec bootstrap
20 silly cache add parsed spec Result {
20 silly cache add   raw: 'bootstrap',
20 silly cache add   scope: null,
20 silly cache add   name: 'bootstrap',
20 silly cache add   rawSpec: '',
20 silly cache add   spec: '*',
20 silly cache add   type: 'range' }
21 silly addNamed bootstrap@*
22 verbose addNamed "*" is a valid semver range for bootstrap
23 silly addNameRange { name: 'bootstrap', range: '*', hasData: false }
24 silly mapToRegistry name bootstrap
25 silly mapToRegistry using default registry
26 silly mapToRegistry registry https://registry.npmjs.org/
27 silly mapToRegistry uri https://registry.npmjs.org/bootstrap
28 verbose addNameRange registry:https://registry.npmjs.org/bootstrap not in flight; fetching
29 verbose request uri https://registry.npmjs.org/bootstrap
30 verbose request no auth needed
31 info attempt registry request try #1 at 9:37:42 AM
32 verbose request id 0d59c1d78468a580
33 verbose etag "DMLEQ4G55AFRKLCRIVJQ4OLQV"
34 http request GET https://registry.npmjs.org/bootstrap
35 http 304 https://registry.npmjs.org/bootstrap
36 verbose headers { date: 'Wed, 16 Dec 2015 17:37:43 GMT',
36 verbose headers   via: '1.1 varnish',
36 verbose headers   'cache-control': 'max-age=300',
36 verbose headers   etag: '"DMLEQ4G55AFRKLCRIVJQ4OLQV"',
36 verbose headers   age: '53',
36 verbose headers   connection: 'keep-alive',
36 verbose headers   'x-served-by': 'cache-dfw1834-DFW',
36 verbose headers   'x-cache': 'HIT',
36 verbose headers   'x-cache-hits': '1',
36 verbose headers   'x-timer': 'S1450287463.216104,VS0,VE0',
36 verbose headers   vary: 'Accept' }
37 silly get cb [ 304,
37 silly get   { date: 'Wed, 16 Dec 2015 17:37:43 GMT',
37 silly get     via: '1.1 varnish',
37 silly get     'cache-control': 'max-age=300',
37 silly get     etag: '"DMLEQ4G55AFRKLCRIVJQ4OLQV"',
37 silly get     age: '53',
37 silly get     connection: 'keep-alive',
37 silly get     'x-served-by': 'cache-dfw1834-DFW',
37 silly get     'x-cache': 'HIT',
37 silly get     'x-cache-hits': '1',
37 silly get     'x-timer': 'S1450287463.216104,VS0,VE0',
37 silly get     vary: 'Accept' } ]
38 verbose etag https://registry.npmjs.org/bootstrap from cache
39 verbose get saving bootstrap to /Users/jacobsinger/.npm/registry.npmjs.org/bootstrap/.cache.json
40 silly addNameRange number 2 { name: 'bootstrap', range: '*', hasData: true }
41 silly addNameRange versions [ 'bootstrap',
41 silly addNameRange   [ '0.0.1',
41 silly addNameRange     '0.0.2',
41 silly addNameRange     '3.1.1',
41 silly addNameRange     '3.2.0',
41 silly addNameRange     '3.3.0',
41 silly addNameRange     '3.3.1',
41 silly addNameRange     '3.3.2',
41 silly addNameRange     '3.3.4',
41 silly addNameRange     '3.3.5',
41 silly addNameRange     '3.3.6',
41 silly addNameRange     '4.0.0-alpha.2' ] ]
42 silly addNamed bootstrap@3.3.6
43 verbose addNamed "3.3.6" is a plain semver version for bootstrap
44 silly cache afterAdd bootstrap@3.3.6
45 verbose afterAdd /Users/jacobsinger/.npm/bootstrap/3.3.6/package/package.json not in flight; writing
46 verbose afterAdd /Users/jacobsinger/.npm/bootstrap/3.3.6/package/package.json written
47 silly install resolved [ { name: 'bootstrap',
47 silly install resolved     description: 'The most popular front-end framework for developing responsive, mobile first projects on the web.',
47 silly install resolved     version: '3.3.6',
47 silly install resolved     keywords:
47 silly install resolved      [ 'css',
47 silly install resolved        'less',
47 silly install resolved        'mobile-first',
47 silly install resolved        'responsive',
47 silly install resolved        'front-end',
47 silly install resolved        'framework',
47 silly install resolved        'web' ],
47 silly install resolved     homepage: 'http://getbootstrap.com',
47 silly install resolved     author: { name: 'Twitter, Inc.' },
47 silly install resolved     scripts: { test: 'grunt test' },
47 silly install resolved     style: 'dist/css/bootstrap.css',
47 silly install resolved     less: 'less/bootstrap.less',
47 silly install resolved     main: './dist/js/npm',
47 silly install resolved     repository:
47 silly install resolved      { type: 'git',
47 silly install resolved        url: 'git+https://github.com/twbs/bootstrap.git' },
47 silly install resolved     bugs: { url: 'https://github.com/twbs/bootstrap/issues' },
47 silly install resolved     license: 'MIT',
47 silly install resolved     devDependencies:
47 silly install resolved      { btoa: '~1.1.2',
47 silly install resolved        glob: '~6.0.1',
47 silly install resolved        grunt: '~0.4.5',
47 silly install resolved        'grunt-autoprefixer': '~3.0.3',
47 silly install resolved        'grunt-contrib-clean': '~0.6.0',
47 silly install resolved        'grunt-contrib-compress': '~0.14.0',
47 silly install resolved        'grunt-contrib-concat': '~0.5.1',
47 silly install resolved        'grunt-contrib-connect': '~0.11.2',
47 silly install resolved        'grunt-contrib-copy': '~0.8.0',
47 silly install resolved        'grunt-contrib-csslint': '~0.5.0',
47 silly install resolved        'grunt-contrib-cssmin': '~0.14.0',
47 silly install resolved        'grunt-contrib-htmlmin': '~0.6.0',
47 silly install resolved        'grunt-contrib-jade': '~0.15.0',
47 silly install resolved        'grunt-contrib-jshint': '~0.11.2',
47 silly install resolved        'grunt-contrib-less': '~1.1.0',
47 silly install resolved        'grunt-contrib-qunit': '~0.7.0',
47 silly install resolved        'grunt-contrib-uglify': '~0.9.2',
47 silly install resolved        'grunt-contrib-watch': '~0.6.1',
47 silly install resolved        'grunt-csscomb': '~3.1.0',
47 silly install resolved        'grunt-exec': '~0.4.6',
47 silly install resolved        'grunt-html': '~5.0.1',
47 silly install resolved        'grunt-jekyll': '~0.4.2',
47 silly install resolved        'grunt-jscs': '~2.3.0',
47 silly install resolved        'grunt-saucelabs': '~8.6.1',
47 silly install resolved        'grunt-sed': 'github:twbs/grunt-sed#v0.2.0',
47 silly install resolved        'load-grunt-tasks': '~3.3.0',
47 silly install resolved        'markdown-it': '^5.0.0',
47 silly install resolved        'npm-shrinkwrap': '^200.4.0',
47 silly install resolved        'time-grunt': '^1.2.1' },
47 silly install resolved     engines: { node: '>=0.10.1' },
47 silly install resolved     files:
47 silly install resolved      [ 'dist',
47 silly install resolved        'fonts',
47 silly install resolved        'grunt',
47 silly install resolved        'js/*.js',
47 silly install resolved        'less/**/*.less',
47 silly install resolved        'Gruntfile.js',
47 silly install resolved        'LICENSE' ],
47 silly install resolved     jspm: { main: 'js/bootstrap', shim: [Object], files: [Object] },
47 silly install resolved     gitHead: '81df608a40bf0629a1dc08e584849bb1e43e0b7a',
47 silly install resolved     _id: 'bootstrap@3.3.6',
47 silly install resolved     _shasum: '8de8f749dc8a743f2ac5b510d988371e3daa6589',
47 silly install resolved     _from: 'bootstrap@*',
47 silly install resolved     _npmVersion: '2.11.3',
47 silly install resolved     _nodeVersion: '0.12.7',
47 silly install resolved     _npmUser: { name: 'twbs', email: 'getbootstrap@gmail.com' },
47 silly install resolved     dist:
47 silly install resolved      { shasum: '8de8f749dc8a743f2ac5b510d988371e3daa6589',
47 silly install resolved        tarball: 'http://registry.npmjs.org/bootstrap/-/bootstrap-3.3.6.tgz' },
47 silly install resolved     maintainers: [ [Object] ],
47 silly install resolved     directories: {},
47 silly install resolved     _resolved: 'https://registry.npmjs.org/bootstrap/-/bootstrap-3.3.6.tgz',
47 silly install resolved     readme: 'ERROR: No README data found!' } ]
48 info install bootstrap@3.3.6 into /Users/jacobsinger/Desktop/app_academy/beer_is_good
49 info installOne bootstrap@3.3.6
50 verbose installOne of bootstrap to /Users/jacobsinger/Desktop/app_academy/beer_is_good not in flight; installing
51 verbose lock using /Users/jacobsinger/.npm/_locks/bootstrap-b44b7f441319957c.lock for /Users/jacobsinger/Desktop/app_academy/beer_is_good/node_modules/bootstrap
52 silly install write writing bootstrap 3.3.6 to /Users/jacobsinger/Desktop/app_academy/beer_is_good/node_modules/bootstrap
53 verbose unbuild node_modules/bootstrap
54 info preuninstall bootstrap@3.3.6
55 info uninstall bootstrap@3.3.6
56 verbose unbuild rmStuff bootstrap@3.3.6 from /Users/jacobsinger/Desktop/app_academy/beer_is_good/node_modules
57 info postuninstall bootstrap@3.3.6
58 silly gentlyRm /Users/jacobsinger/Desktop/app_academy/beer_is_good/node_modules/bootstrap is being purged from base /Users/jacobsinger/Desktop/app_academy/beer_is_good
59 verbose gentlyRm don't care about contents; nuking /Users/jacobsinger/Desktop/app_academy/beer_is_good/node_modules/bootstrap
60 silly vacuum-fs purging /Users/jacobsinger/Desktop/app_academy/beer_is_good/node_modules/bootstrap
61 silly vacuum-fs quitting because other entries in /Users/jacobsinger/Desktop/app_academy/beer_is_good/node_modules
62 verbose tar unpack /Users/jacobsinger/.npm/bootstrap/3.3.6/package.tgz
63 verbose tar unpacking to /Users/jacobsinger/Desktop/app_academy/beer_is_good/node_modules/bootstrap
64 silly gentlyRm /Users/jacobsinger/Desktop/app_academy/beer_is_good/node_modules/bootstrap is being purged
65 verbose gentlyRm don't care about contents; nuking /Users/jacobsinger/Desktop/app_academy/beer_is_good/node_modules/bootstrap
66 silly gunzTarPerm modes [ '755', '644' ]
67 silly gunzTarPerm extractEntry package.json
68 silly gunzTarPerm extractEntry README.md
69 silly gunzTarPerm extractEntry LICENSE
70 silly gunzTarPerm extractEntry Gruntfile.js
71 silly gunzTarPerm extractEntry CHANGELOG.md
72 silly gunzTarPerm extractEntry dist/css/bootstrap-theme.css
73 silly gunzTarPerm extractEntry dist/css/bootstrap-theme.css.map
74 silly gunzTarPerm extractEntry dist/css/bootstrap-theme.min.css
75 silly gunzTarPerm extractEntry dist/css/bootstrap-theme.min.css.map
76 silly gunzTarPerm extractEntry dist/css/bootstrap.css
77 silly gunzTarPerm extractEntry dist/css/bootstrap.css.map
78 silly gunzTarPerm extractEntry dist/css/bootstrap.min.css
79 silly gunzTarPerm extractEntry dist/css/bootstrap.min.css.map
80 silly gunzTarPerm extractEntry dist/fonts/glyphicons-halflings-regular.eot
81 silly gunzTarPerm extractEntry dist/fonts/glyphicons-halflings-regular.svg
82 silly gunzTarPerm extractEntry dist/fonts/glyphicons-halflings-regular.ttf
83 silly gunzTarPerm extractEntry dist/fonts/glyphicons-halflings-regular.woff
84 silly gunzTarPerm extractEntry dist/fonts/glyphicons-halflings-regular.woff2
85 silly gunzTarPerm extractEntry dist/js/bootstrap.js
86 silly gunzTarPerm extractEntry dist/js/bootstrap.min.js
87 silly gunzTarPerm extractEntry dist/js/npm.js
88 silly gunzTarPerm extractEntry fonts/glyphicons-halflings-regular.eot
89 silly gunzTarPerm extractEntry fonts/glyphicons-halflings-regular.svg
90 silly gunzTarPerm extractEntry fonts/glyphicons-halflings-regular.ttf
91 silly gunzTarPerm extractEntry fonts/glyphicons-halflings-regular.woff
92 silly gunzTarPerm extractEntry fonts/glyphicons-halflings-regular.woff2
93 silly gunzTarPerm extractEntry grunt/bs-commonjs-generator.js
94 silly gunzTarPerm extractEntry grunt/bs-glyphicons-data-generator.js
95 silly gunzTarPerm extractEntry grunt/bs-lessdoc-parser.js
96 silly gunzTarPerm extractEntry grunt/bs-raw-files-generator.js
97 silly gunzTarPerm extractEntry grunt/.jshintrc
98 silly gunzTarPerm extractEntry grunt/configBridge.json
99 silly gunzTarPerm extractEntry grunt/sauce_browsers.yml
100 silly gunzTarPerm extractEntry js/affix.js
101 silly gunzTarPerm extractEntry js/button.js
102 silly gunzTarPerm extractEntry js/carousel.js
103 silly gunzTarPerm extractEntry js/collapse.js
104 silly gunzTarPerm extractEntry js/dropdown.js
105 silly gunzTarPerm extractEntry js/alert.js
106 silly gunzTarPerm extractEntry js/popover.js
107 silly gunzTarPerm extractEntry js/scrollspy.js
108 silly gunzTarPerm extractEntry js/tab.js
109 silly gunzTarPerm extractEntry js/tooltip.js
110 silly gunzTarPerm extractEntry js/transition.js
111 silly gunzTarPerm extractEntry js/modal.js
112 silly gunzTarPerm extractEntry less/mixins.less
113 silly gunzTarPerm extractEntry less/alerts.less
114 silly gunzTarPerm extractEntry less/badges.less
115 silly gunzTarPerm extractEntry less/bootstrap.less
116 silly gunzTarPerm extractEntry less/breadcrumbs.less
117 silly gunzTarPerm extractEntry less/button-groups.less
118 silly gunzTarPerm extractEntry less/buttons.less
119 silly gunzTarPerm extractEntry less/carousel.less
120 silly gunzTarPerm extractEntry less/close.less
121 silly gunzTarPerm extractEntry less/code.less
122 silly gunzTarPerm extractEntry less/component-animations.less
123 silly gunzTarPerm extractEntry less/dropdowns.less
124 silly gunzTarPerm extractEntry less/forms.less
125 silly gunzTarPerm extractEntry less/glyphicons.less
126 silly gunzTarPerm extractEntry less/grid.less
127 silly gunzTarPerm extractEntry less/input-groups.less
128 silly gunzTarPerm extractEntry less/jumbotron.less
129 silly gunzTarPerm extractEntry less/labels.less
130 silly gunzTarPerm extractEntry less/list-group.less
131 silly gunzTarPerm extractEntry less/media.less
132 silly gunzTarPerm extractEntry less/mixins/nav-vertical-align.less
133 silly gunzTarPerm extractEntry less/mixins/alerts.less
134 silly gunzTarPerm extractEntry less/mixins/border-radius.less
135 silly gunzTarPerm extractEntry less/mixins/buttons.less
136 silly gunzTarPerm extractEntry less/mixins/center-block.less
137 silly gunzTarPerm extractEntry less/mixins/clearfix.less
138 silly gunzTarPerm extractEntry less/mixins/forms.less
139 silly gunzTarPerm extractEntry less/mixins/gradients.less
140 silly gunzTarPerm extractEntry less/mixins/grid-framework.less
141 silly gunzTarPerm extractEntry less/mixins/grid.less
142 silly gunzTarPerm extractEntry less/mixins/hide-text.less
143 silly gunzTarPerm extractEntry less/mixins/image.less
144 silly gunzTarPerm extractEntry less/mixins/labels.less
145 silly gunzTarPerm extractEntry less/mixins/list-group.less
146 silly gunzTarPerm extractEntry less/mixins/nav-divider.less
147 silly gunzTarPerm extractEntry less/mixins/background-variant.less
148 silly gunzTarPerm extractEntry less/mixins/opacity.less
149 silly gunzTarPerm extractEntry less/mixins/pagination.less
150 silly gunzTarPerm extractEntry less/mixins/panels.less
151 silly gunzTarPerm extractEntry less/mixins/progress-bar.less
152 silly gunzTarPerm extractEntry less/mixins/reset-filter.less
153 silly gunzTarPerm extractEntry less/mixins/reset-text.less
154 silly gunzTarPerm extractEntry less/mixins/resize.less
155 silly gunzTarPerm extractEntry less/mixins/responsive-visibility.less
156 silly gunzTarPerm extractEntry less/mixins/size.less
157 silly gunzTarPerm extractEntry less/mixins/tab-focus.less
158 silly gunzTarPerm extractEntry less/mixins/table-row.less
159 silly gunzTarPerm extractEntry less/mixins/text-emphasis.less
160 silly gunzTarPerm extractEntry less/mixins/text-overflow.less
161 silly gunzTarPerm extractEntry less/mixins/vendor-prefixes.less
162 silly gunzTarPerm extractEntry less/modals.less
163 silly gunzTarPerm extractEntry less/navbar.less
164 silly gunzTarPerm extractEntry less/navs.less
165 silly gunzTarPerm extractEntry less/normalize.less
166 silly gunzTarPerm extractEntry less/pager.less
167 silly gunzTarPerm extractEntry less/pagination.less
168 silly gunzTarPerm extractEntry less/panels.less
169 silly gunzTarPerm extractEntry less/popovers.less
170 silly gunzTarPerm extractEntry less/print.less
171 silly gunzTarPerm extractEntry less/progress-bars.less
172 silly gunzTarPerm extractEntry less/responsive-embed.less
173 silly gunzTarPerm extractEntry less/responsive-utilities.less
174 silly gunzTarPerm extractEntry less/scaffolding.less
175 silly gunzTarPerm extractEntry less/tables.less
176 silly gunzTarPerm extractEntry less/theme.less
177 silly gunzTarPerm extractEntry less/thumbnails.less
178 silly gunzTarPerm extractEntry less/tooltip.less
179 silly gunzTarPerm extractEntry less/type.less
180 silly gunzTarPerm extractEntry less/utilities.less
181 silly gunzTarPerm extractEntry less/variables.less
182 silly gunzTarPerm extractEntry less/wells.less
183 verbose write writing to /Users/jacobsinger/Desktop/app_academy/beer_is_good/node_modules/bootstrap/package.json
184 info preinstall bootstrap@3.3.6
185 verbose readDependencies loading dependencies from /Users/jacobsinger/Desktop/app_academy/beer_is_good/node_modules/bootstrap/package.json
186 verbose readDependencies loading dependencies from /Users/jacobsinger/Desktop/app_academy/beer_is_good/node_modules/bootstrap/package.json
187 silly install resolved []
188 verbose about to build /Users/jacobsinger/Desktop/app_academy/beer_is_good/node_modules/bootstrap
189 info build /Users/jacobsinger/Desktop/app_academy/beer_is_good/node_modules/bootstrap
190 info linkStuff bootstrap@3.3.6
191 silly linkStuff bootstrap@3.3.6 has /Users/jacobsinger/Desktop/app_academy/beer_is_good/node_modules as its parent node_modules
192 verbose linkBins bootstrap@3.3.6
193 verbose linkMans bootstrap@3.3.6
194 verbose rebuildBundles bootstrap@3.3.6
195 info install bootstrap@3.3.6
196 info postinstall bootstrap@3.3.6
197 verbose unlock done using /Users/jacobsinger/.npm/_locks/bootstrap-b44b7f441319957c.lock for /Users/jacobsinger/Desktop/app_academy/beer_is_good/node_modules/bootstrap
198 verbose validateInstall loading /Users/jacobsinger/Desktop/app_academy/beer_is_good/package.json for validation
199 verbose stack Error: The package history@1.16.0 does not satisfy its siblings' peerDependencies requirements!
199 verbose stack     at /usr/local/lib/node_modules/npm/lib/install.js:125:32
199 verbose stack     at /usr/local/lib/node_modules/npm/lib/install.js:268:7
199 verbose stack     at /usr/local/lib/node_modules/npm/node_modules/read-installed/read-installed.js:142:5
199 verbose stack     at /usr/local/lib/node_modules/npm/node_modules/read-installed/read-installed.js:263:14
199 verbose stack     at cb (/usr/local/lib/node_modules/npm/node_modules/slide/lib/async-map.js:47:24)
199 verbose stack     at /usr/local/lib/node_modules/npm/node_modules/read-installed/read-installed.js:263:14
199 verbose stack     at cb (/usr/local/lib/node_modules/npm/node_modules/slide/lib/async-map.js:47:24)
199 verbose stack     at /usr/local/lib/node_modules/npm/node_modules/read-installed/read-installed.js:263:14
199 verbose stack     at cb (/usr/local/lib/node_modules/npm/node_modules/slide/lib/async-map.js:47:24)
199 verbose stack     at /usr/local/lib/node_modules/npm/node_modules/read-installed/read-installed.js:263:14
200 verbose cwd /Users/jacobsinger/Desktop/app_academy/beer_is_good
201 error Darwin 14.5.0
202 error argv "/usr/local/Cellar/node/4.2.1/bin/node" "/usr/local/bin/npm" "install" "--save" "bootstrap"
203 error node v4.2.1
204 error npm  v2.14.7
205 error code EPEERINVALID
206 error peerinvalid The package history@1.16.0 does not satisfy its siblings' peerDependencies requirements!
206 error peerinvalid Peer react-router@1.0.2 wants history@1.13.x
207 verbose exit [ 1, true ]
